2024-02-05 12:07:10,297:WARNING:
'cuml' is a soft dependency and not included in the pycaret installation. Please run: `pip install cuml` to install.
2024-02-05 12:07:10,298:WARNING:
'cuml' is a soft dependency and not included in the pycaret installation. Please run: `pip install cuml` to install.
2024-02-05 12:07:10,298:WARNING:
'cuml' is a soft dependency and not included in the pycaret installation. Please run: `pip install cuml` to install.
2024-02-05 12:07:10,299:WARNING:
'cuml' is a soft dependency and not included in the pycaret installation. Please run: `pip install cuml` to install.
2024-02-05 12:13:17,803:INFO:PyCaret ClassificationExperiment
2024-02-05 12:13:17,808:INFO:Logging name: clf-default-name
2024-02-05 12:13:17,808:INFO:ML Usecase: MLUsecase.CLASSIFICATION
2024-02-05 12:13:17,808:INFO:version 3.2.0
2024-02-05 12:13:17,812:INFO:Initializing setup()
2024-02-05 12:13:17,812:INFO:self.USI: b271
2024-02-05 12:13:17,812:INFO:self._variable_keys: {'target_param', 'gpu_param', 'USI', 'log_plots_param', 'html_param', 'X', 'y_train', 'is_multiclass', 'exp_name_log', 'data', 'seed', 'X_train', 'X_test', 'fold_generator', 'gpu_n_jobs_param', 'fold_groups_param', '_ml_usecase', 'fold_shuffle_param', '_available_plots', 'y_test', 'pipeline', 'logging_param', 'exp_id', 'memory', 'idx', 'n_jobs_param', 'fix_imbalance', 'y'}
2024-02-05 12:13:17,812:INFO:Checking environment
2024-02-05 12:13:17,813:INFO:python_version: 3.11.7
2024-02-05 12:13:17,813:INFO:python_build: ('main', 'Dec  8 2023 14:22:46')
2024-02-05 12:13:17,813:INFO:machine: x86_64
2024-02-05 12:13:17,814:INFO:platform: Linux-6.5.0-kali3-amd64-x86_64-with-glibc2.37
2024-02-05 12:13:17,815:INFO:Memory: svmem(total=8197423104, available=2326245376, percent=71.6, used=5001420800, free=447627264, active=5462511616, inactive=1476456448, buffers=166051840, cached=2582323200, shared=548970496, slab=391831552)
2024-02-05 12:13:17,816:INFO:Physical Core: 2
2024-02-05 12:13:17,816:INFO:Logical Core: 4
2024-02-05 12:13:17,816:INFO:Checking libraries
2024-02-05 12:13:17,817:INFO:System:
2024-02-05 12:13:17,817:INFO:    python: 3.11.7 (main, Dec  8 2023, 14:22:46) [GCC 13.2.0]
2024-02-05 12:13:17,817:INFO:executable: /bin/python
2024-02-05 12:13:17,817:INFO:   machine: Linux-6.5.0-kali3-amd64-x86_64-with-glibc2.37
2024-02-05 12:13:17,817:INFO:PyCaret required dependencies:
2024-02-05 12:13:17,907:INFO:                 pip: 23.3
2024-02-05 12:13:17,908:INFO:          setuptools: 68.1.2
2024-02-05 12:13:17,908:INFO:             pycaret: 3.2.0
2024-02-05 12:13:17,908:INFO:             IPython: 8.14.0
2024-02-05 12:13:17,908:INFO:          ipywidgets: 8.1.1
2024-02-05 12:13:17,908:INFO:                tqdm: 4.64.1
2024-02-05 12:13:17,908:INFO:               numpy: 1.24.2
2024-02-05 12:13:17,908:INFO:              pandas: 1.5.3
2024-02-05 12:13:17,908:INFO:              jinja2: 3.1.2
2024-02-05 12:13:17,908:INFO:               scipy: 1.10.1
2024-02-05 12:13:17,908:INFO:              joblib: 1.3.2
2024-02-05 12:13:17,908:INFO:             sklearn: 1.2.2
2024-02-05 12:13:17,908:INFO:                pyod: 1.1.2
2024-02-05 12:13:17,908:INFO:            imblearn: 0.12.0
2024-02-05 12:13:17,908:INFO:   category_encoders: 2.6.3
2024-02-05 12:13:17,908:INFO:            lightgbm: 4.3.0
2024-02-05 12:13:17,908:INFO:               numba: 0.57.1
2024-02-05 12:13:17,908:INFO:            requests: 2.31.0
2024-02-05 12:13:17,908:INFO:          matplotlib: 3.6.3
2024-02-05 12:13:17,908:INFO:          scikitplot: 0.3.7
2024-02-05 12:13:17,908:INFO:         yellowbrick: 1.5
2024-02-05 12:13:17,909:INFO:              plotly: 5.18.0
2024-02-05 12:13:17,909:INFO:    plotly-resampler: Not installed
2024-02-05 12:13:17,909:INFO:             kaleido: 0.2.1
2024-02-05 12:13:17,909:INFO:           schemdraw: 0.15
2024-02-05 12:13:17,909:INFO:         statsmodels: 0.14.1
2024-02-05 12:13:17,909:INFO:              sktime: 0.21.1
2024-02-05 12:13:17,909:INFO:               tbats: 1.1.3
2024-02-05 12:13:17,909:INFO:            pmdarima: 2.0.4
2024-02-05 12:13:17,909:INFO:              psutil: 5.9.5
2024-02-05 12:13:17,909:INFO:          markupsafe: 2.1.3
2024-02-05 12:13:17,909:INFO:             pickle5: Not installed
2024-02-05 12:13:17,909:INFO:         cloudpickle: 3.0.0
2024-02-05 12:13:17,909:INFO:         deprecation: 2.1.0
2024-02-05 12:13:17,909:INFO:              xxhash: 3.4.1
2024-02-05 12:13:17,909:INFO:           wurlitzer: 3.0.3
2024-02-05 12:13:17,909:INFO:PyCaret optional dependencies:
2024-02-05 12:13:18,806:INFO:                shap: Not installed
2024-02-05 12:13:18,806:INFO:           interpret: Not installed
2024-02-05 12:13:18,807:INFO:                umap: Not installed
2024-02-05 12:13:18,807:INFO:     ydata_profiling: Not installed
2024-02-05 12:13:18,807:INFO:  explainerdashboard: Not installed
2024-02-05 12:13:18,807:INFO:             autoviz: Not installed
2024-02-05 12:13:18,807:INFO:           fairlearn: Not installed
2024-02-05 12:13:18,807:INFO:          deepchecks: Not installed
2024-02-05 12:13:18,807:INFO:             xgboost: Not installed
2024-02-05 12:13:18,807:INFO:            catboost: Not installed
2024-02-05 12:13:18,807:INFO:              kmodes: Not installed
2024-02-05 12:13:18,807:INFO:             mlxtend: Not installed
2024-02-05 12:13:18,807:INFO:       statsforecast: Not installed
2024-02-05 12:13:18,807:INFO:        tune_sklearn: Not installed
2024-02-05 12:13:18,807:INFO:                 ray: Not installed
2024-02-05 12:13:18,807:INFO:            hyperopt: Not installed
2024-02-05 12:13:18,807:INFO:              optuna: Not installed
2024-02-05 12:13:18,807:INFO:               skopt: Not installed
2024-02-05 12:13:18,807:INFO:              mlflow: Not installed
2024-02-05 12:13:18,807:INFO:              gradio: Not installed
2024-02-05 12:13:18,807:INFO:             fastapi: 0.101.0
2024-02-05 12:13:18,808:INFO:             uvicorn: 0.24.0
2024-02-05 12:13:18,808:INFO:              m2cgen: Not installed
2024-02-05 12:13:18,808:INFO:           evidently: Not installed
2024-02-05 12:13:18,808:INFO:               fugue: Not installed
2024-02-05 12:13:18,808:INFO:           streamlit: Not installed
2024-02-05 12:13:18,808:INFO:             prophet: Not installed
2024-02-05 12:13:18,808:INFO:None
2024-02-05 12:13:18,808:INFO:Set up data.
2024-02-05 12:13:18,834:INFO:Set up folding strategy.
2024-02-05 12:13:18,834:INFO:Set up train/test split.
2024-02-05 12:13:39,693:INFO:PyCaret ClassificationExperiment
2024-02-05 12:13:39,694:INFO:Logging name: clf-default-name
2024-02-05 12:13:39,694:INFO:ML Usecase: MLUsecase.CLASSIFICATION
2024-02-05 12:13:39,694:INFO:version 3.2.0
2024-02-05 12:13:39,694:INFO:Initializing setup()
2024-02-05 12:13:39,694:INFO:self.USI: a81a
2024-02-05 12:13:39,695:INFO:self._variable_keys: {'target_param', 'gpu_param', 'USI', 'log_plots_param', 'html_param', 'X', 'y_train', 'is_multiclass', 'exp_name_log', 'data', 'seed', 'X_train', 'X_test', 'fold_generator', 'gpu_n_jobs_param', 'fold_groups_param', '_ml_usecase', 'fold_shuffle_param', '_available_plots', 'y_test', 'pipeline', 'logging_param', 'exp_id', 'memory', 'idx', 'n_jobs_param', 'fix_imbalance', 'y'}
2024-02-05 12:13:39,696:INFO:Checking environment
2024-02-05 12:13:39,696:INFO:python_version: 3.11.7
2024-02-05 12:13:39,696:INFO:python_build: ('main', 'Dec  8 2023 14:22:46')
2024-02-05 12:13:39,696:INFO:machine: x86_64
2024-02-05 12:13:39,696:INFO:platform: Linux-6.5.0-kali3-amd64-x86_64-with-glibc2.37
2024-02-05 12:13:39,696:INFO:Memory: svmem(total=8197423104, available=2355388416, percent=71.3, used=4969566208, free=461156352, active=5447921664, inactive=1490210816, buffers=169226240, cached=2597474304, shared=551497728, slab=391905280)
2024-02-05 12:13:39,697:INFO:Physical Core: 2
2024-02-05 12:13:39,697:INFO:Logical Core: 4
2024-02-05 12:13:39,697:INFO:Checking libraries
2024-02-05 12:13:39,697:INFO:System:
2024-02-05 12:13:39,697:INFO:    python: 3.11.7 (main, Dec  8 2023, 14:22:46) [GCC 13.2.0]
2024-02-05 12:13:39,697:INFO:executable: /bin/python
2024-02-05 12:13:39,697:INFO:   machine: Linux-6.5.0-kali3-amd64-x86_64-with-glibc2.37
2024-02-05 12:13:39,697:INFO:PyCaret required dependencies:
2024-02-05 12:13:39,697:INFO:                 pip: 23.3
2024-02-05 12:13:39,697:INFO:          setuptools: 68.1.2
2024-02-05 12:13:39,697:INFO:             pycaret: 3.2.0
2024-02-05 12:13:39,697:INFO:             IPython: 8.14.0
2024-02-05 12:13:39,697:INFO:          ipywidgets: 8.1.1
2024-02-05 12:13:39,697:INFO:                tqdm: 4.64.1
2024-02-05 12:13:39,697:INFO:               numpy: 1.24.2
2024-02-05 12:13:39,697:INFO:              pandas: 1.5.3
2024-02-05 12:13:39,697:INFO:              jinja2: 3.1.2
2024-02-05 12:13:39,697:INFO:               scipy: 1.10.1
2024-02-05 12:13:39,698:INFO:              joblib: 1.3.2
2024-02-05 12:13:39,698:INFO:             sklearn: 1.2.2
2024-02-05 12:13:39,698:INFO:                pyod: 1.1.2
2024-02-05 12:13:39,698:INFO:            imblearn: 0.12.0
2024-02-05 12:13:39,698:INFO:   category_encoders: 2.6.3
2024-02-05 12:13:39,698:INFO:            lightgbm: 4.3.0
2024-02-05 12:13:39,698:INFO:               numba: 0.57.1
2024-02-05 12:13:39,698:INFO:            requests: 2.31.0
2024-02-05 12:13:39,698:INFO:          matplotlib: 3.6.3
2024-02-05 12:13:39,698:INFO:          scikitplot: 0.3.7
2024-02-05 12:13:39,698:INFO:         yellowbrick: 1.5
2024-02-05 12:13:39,698:INFO:              plotly: 5.18.0
2024-02-05 12:13:39,698:INFO:    plotly-resampler: Not installed
2024-02-05 12:13:39,698:INFO:             kaleido: 0.2.1
2024-02-05 12:13:39,698:INFO:           schemdraw: 0.15
2024-02-05 12:13:39,698:INFO:         statsmodels: 0.14.1
2024-02-05 12:13:39,698:INFO:              sktime: 0.21.1
2024-02-05 12:13:39,698:INFO:               tbats: 1.1.3
2024-02-05 12:13:39,698:INFO:            pmdarima: 2.0.4
2024-02-05 12:13:39,698:INFO:              psutil: 5.9.5
2024-02-05 12:13:39,698:INFO:          markupsafe: 2.1.3
2024-02-05 12:13:39,699:INFO:             pickle5: Not installed
2024-02-05 12:13:39,699:INFO:         cloudpickle: 3.0.0
2024-02-05 12:13:39,699:INFO:         deprecation: 2.1.0
2024-02-05 12:13:39,699:INFO:              xxhash: 3.4.1
2024-02-05 12:13:39,699:INFO:           wurlitzer: 3.0.3
2024-02-05 12:13:39,699:INFO:PyCaret optional dependencies:
2024-02-05 12:13:39,699:INFO:                shap: Not installed
2024-02-05 12:13:39,699:INFO:           interpret: Not installed
2024-02-05 12:13:39,699:INFO:                umap: Not installed
2024-02-05 12:13:39,699:INFO:     ydata_profiling: Not installed
2024-02-05 12:13:39,699:INFO:  explainerdashboard: Not installed
2024-02-05 12:13:39,699:INFO:             autoviz: Not installed
2024-02-05 12:13:39,699:INFO:           fairlearn: Not installed
2024-02-05 12:13:39,699:INFO:          deepchecks: Not installed
2024-02-05 12:13:39,699:INFO:             xgboost: Not installed
2024-02-05 12:13:39,699:INFO:            catboost: Not installed
2024-02-05 12:13:39,699:INFO:              kmodes: Not installed
2024-02-05 12:13:39,699:INFO:             mlxtend: Not installed
2024-02-05 12:13:39,699:INFO:       statsforecast: Not installed
2024-02-05 12:13:39,699:INFO:        tune_sklearn: Not installed
2024-02-05 12:13:39,699:INFO:                 ray: Not installed
2024-02-05 12:13:39,700:INFO:            hyperopt: Not installed
2024-02-05 12:13:39,700:INFO:              optuna: Not installed
2024-02-05 12:13:39,700:INFO:               skopt: Not installed
2024-02-05 12:13:39,700:INFO:              mlflow: Not installed
2024-02-05 12:13:39,700:INFO:              gradio: Not installed
2024-02-05 12:13:39,703:INFO:             fastapi: 0.101.0
2024-02-05 12:13:39,703:INFO:             uvicorn: 0.24.0
2024-02-05 12:13:39,703:INFO:              m2cgen: Not installed
2024-02-05 12:13:39,703:INFO:           evidently: Not installed
2024-02-05 12:13:39,704:INFO:               fugue: Not installed
2024-02-05 12:13:39,704:INFO:           streamlit: Not installed
2024-02-05 12:13:39,704:INFO:             prophet: Not installed
2024-02-05 12:13:39,704:INFO:None
2024-02-05 12:13:39,704:INFO:Set up data.
2024-02-05 12:13:39,734:INFO:Set up folding strategy.
2024-02-05 12:13:39,734:INFO:Set up train/test split.
2024-02-05 12:17:45,626:INFO:PyCaret ClassificationExperiment
2024-02-05 12:17:45,627:INFO:Logging name: clf-default-name
2024-02-05 12:17:45,627:INFO:ML Usecase: MLUsecase.CLASSIFICATION
2024-02-05 12:17:45,627:INFO:version 3.2.0
2024-02-05 12:17:45,628:INFO:Initializing setup()
2024-02-05 12:17:45,628:INFO:self.USI: 6f52
2024-02-05 12:17:45,628:INFO:self._variable_keys: {'target_param', 'gpu_param', 'USI', 'log_plots_param', 'html_param', 'X', 'y_train', 'is_multiclass', 'exp_name_log', 'data', 'seed', 'X_train', 'X_test', 'fold_generator', 'gpu_n_jobs_param', 'fold_groups_param', '_ml_usecase', 'fold_shuffle_param', '_available_plots', 'y_test', 'pipeline', 'logging_param', 'exp_id', 'memory', 'idx', 'n_jobs_param', 'fix_imbalance', 'y'}
2024-02-05 12:17:45,628:INFO:Checking environment
2024-02-05 12:17:45,628:INFO:python_version: 3.11.7
2024-02-05 12:17:45,629:INFO:python_build: ('main', 'Dec  8 2023 14:22:46')
2024-02-05 12:17:45,629:INFO:machine: x86_64
2024-02-05 12:17:45,629:INFO:platform: Linux-6.5.0-kali3-amd64-x86_64-with-glibc2.37
2024-02-05 12:17:45,629:INFO:Memory: svmem(total=8197423104, available=1971089408, percent=76.0, used=5269975040, free=450813952, active=5757280256, inactive=1279848448, buffers=160940032, cached=2315694080, shared=635572224, slab=385646592)
2024-02-05 12:17:45,630:INFO:Physical Core: 2
2024-02-05 12:17:45,630:INFO:Logical Core: 4
2024-02-05 12:17:45,630:INFO:Checking libraries
2024-02-05 12:17:45,631:INFO:System:
2024-02-05 12:17:45,631:INFO:    python: 3.11.7 (main, Dec  8 2023, 14:22:46) [GCC 13.2.0]
2024-02-05 12:17:45,631:INFO:executable: /bin/python
2024-02-05 12:17:45,631:INFO:   machine: Linux-6.5.0-kali3-amd64-x86_64-with-glibc2.37
2024-02-05 12:17:45,631:INFO:PyCaret required dependencies:
2024-02-05 12:17:45,632:INFO:                 pip: 23.3
2024-02-05 12:17:45,632:INFO:          setuptools: 68.1.2
2024-02-05 12:17:45,632:INFO:             pycaret: 3.2.0
2024-02-05 12:17:45,632:INFO:             IPython: 8.14.0
2024-02-05 12:17:45,632:INFO:          ipywidgets: 8.1.1
2024-02-05 12:17:45,632:INFO:                tqdm: 4.64.1
2024-02-05 12:17:45,632:INFO:               numpy: 1.24.2
2024-02-05 12:17:45,632:INFO:              pandas: 1.5.3
2024-02-05 12:17:45,633:INFO:              jinja2: 3.1.2
2024-02-05 12:17:45,633:INFO:               scipy: 1.10.1
2024-02-05 12:17:45,633:INFO:              joblib: 1.3.2
2024-02-05 12:17:45,633:INFO:             sklearn: 1.2.2
2024-02-05 12:17:45,633:INFO:                pyod: 1.1.2
2024-02-05 12:17:45,633:INFO:            imblearn: 0.12.0
2024-02-05 12:17:45,633:INFO:   category_encoders: 2.6.3
2024-02-05 12:17:45,633:INFO:            lightgbm: 4.3.0
2024-02-05 12:17:45,633:INFO:               numba: 0.57.1
2024-02-05 12:17:45,633:INFO:            requests: 2.31.0
2024-02-05 12:17:45,633:INFO:          matplotlib: 3.6.3
2024-02-05 12:17:45,633:INFO:          scikitplot: 0.3.7
2024-02-05 12:17:45,633:INFO:         yellowbrick: 1.5
2024-02-05 12:17:45,633:INFO:              plotly: 5.18.0
2024-02-05 12:17:45,634:INFO:    plotly-resampler: Not installed
2024-02-05 12:17:45,634:INFO:             kaleido: 0.2.1
2024-02-05 12:17:45,634:INFO:           schemdraw: 0.15
2024-02-05 12:17:45,634:INFO:         statsmodels: 0.14.1
2024-02-05 12:17:45,634:INFO:              sktime: 0.21.1
2024-02-05 12:17:45,634:INFO:               tbats: 1.1.3
2024-02-05 12:17:45,634:INFO:            pmdarima: 2.0.4
2024-02-05 12:17:45,634:INFO:              psutil: 5.9.5
2024-02-05 12:17:45,634:INFO:          markupsafe: 2.1.3
2024-02-05 12:17:45,634:INFO:             pickle5: Not installed
2024-02-05 12:17:45,634:INFO:         cloudpickle: 3.0.0
2024-02-05 12:17:45,634:INFO:         deprecation: 2.1.0
2024-02-05 12:17:45,634:INFO:              xxhash: 3.4.1
2024-02-05 12:17:45,634:INFO:           wurlitzer: 3.0.3
2024-02-05 12:17:45,634:INFO:PyCaret optional dependencies:
2024-02-05 12:17:45,634:INFO:                shap: Not installed
2024-02-05 12:17:45,635:INFO:           interpret: Not installed
2024-02-05 12:17:45,635:INFO:                umap: Not installed
2024-02-05 12:17:45,635:INFO:     ydata_profiling: Not installed
2024-02-05 12:17:45,635:INFO:  explainerdashboard: Not installed
2024-02-05 12:17:45,635:INFO:             autoviz: Not installed
2024-02-05 12:17:45,635:INFO:           fairlearn: Not installed
2024-02-05 12:17:45,635:INFO:          deepchecks: Not installed
2024-02-05 12:17:45,635:INFO:             xgboost: Not installed
2024-02-05 12:17:45,636:INFO:            catboost: Not installed
2024-02-05 12:17:45,636:INFO:              kmodes: Not installed
2024-02-05 12:17:45,636:INFO:             mlxtend: Not installed
2024-02-05 12:17:45,636:INFO:       statsforecast: Not installed
2024-02-05 12:17:45,636:INFO:        tune_sklearn: Not installed
2024-02-05 12:17:45,636:INFO:                 ray: Not installed
2024-02-05 12:17:45,637:INFO:            hyperopt: Not installed
2024-02-05 12:17:45,637:INFO:              optuna: Not installed
2024-02-05 12:17:45,637:INFO:               skopt: Not installed
2024-02-05 12:17:45,637:INFO:              mlflow: Not installed
2024-02-05 12:17:45,637:INFO:              gradio: Not installed
2024-02-05 12:17:45,637:INFO:             fastapi: 0.101.0
2024-02-05 12:17:45,637:INFO:             uvicorn: 0.24.0
2024-02-05 12:17:45,637:INFO:              m2cgen: Not installed
2024-02-05 12:17:45,637:INFO:           evidently: Not installed
2024-02-05 12:17:45,637:INFO:               fugue: Not installed
2024-02-05 12:17:45,638:INFO:           streamlit: Not installed
2024-02-05 12:17:45,638:INFO:             prophet: Not installed
2024-02-05 12:17:45,638:INFO:None
2024-02-05 12:17:45,638:INFO:Set up data.
2024-02-05 12:17:45,663:INFO:Set up folding strategy.
2024-02-05 12:17:45,664:INFO:Set up train/test split.
2024-02-05 12:20:59,546:INFO:PyCaret ClassificationExperiment
2024-02-05 12:20:59,546:INFO:Logging name: clf-default-name
2024-02-05 12:20:59,546:INFO:ML Usecase: MLUsecase.CLASSIFICATION
2024-02-05 12:20:59,546:INFO:version 3.2.0
2024-02-05 12:20:59,546:INFO:Initializing setup()
2024-02-05 12:20:59,546:INFO:self.USI: 3b7a
2024-02-05 12:20:59,547:INFO:self._variable_keys: {'target_param', 'gpu_param', 'USI', 'log_plots_param', 'html_param', 'X', 'y_train', 'is_multiclass', 'exp_name_log', 'data', 'seed', 'X_train', 'X_test', 'fold_generator', 'gpu_n_jobs_param', 'fold_groups_param', '_ml_usecase', 'fold_shuffle_param', '_available_plots', 'y_test', 'pipeline', 'logging_param', 'exp_id', 'memory', 'idx', 'n_jobs_param', 'fix_imbalance', 'y'}
2024-02-05 12:20:59,547:INFO:Checking environment
2024-02-05 12:20:59,547:INFO:python_version: 3.11.7
2024-02-05 12:20:59,547:INFO:python_build: ('main', 'Dec  8 2023 14:22:46')
2024-02-05 12:20:59,547:INFO:machine: x86_64
2024-02-05 12:20:59,547:INFO:platform: Linux-6.5.0-kali3-amd64-x86_64-with-glibc2.37
2024-02-05 12:20:59,547:INFO:Memory: svmem(total=8197423104, available=2032582656, percent=75.2, used=5318078464, free=479236096, active=5631291392, inactive=1359593472, buffers=164978688, cached=2235129856, shared=525975552, slab=386826240)
2024-02-05 12:20:59,548:INFO:Physical Core: 2
2024-02-05 12:20:59,548:INFO:Logical Core: 4
2024-02-05 12:20:59,548:INFO:Checking libraries
2024-02-05 12:20:59,548:INFO:System:
2024-02-05 12:20:59,548:INFO:    python: 3.11.7 (main, Dec  8 2023, 14:22:46) [GCC 13.2.0]
2024-02-05 12:20:59,548:INFO:executable: /bin/python
2024-02-05 12:20:59,548:INFO:   machine: Linux-6.5.0-kali3-amd64-x86_64-with-glibc2.37
2024-02-05 12:20:59,548:INFO:PyCaret required dependencies:
2024-02-05 12:20:59,548:INFO:                 pip: 23.3
2024-02-05 12:20:59,548:INFO:          setuptools: 68.1.2
2024-02-05 12:20:59,548:INFO:             pycaret: 3.2.0
2024-02-05 12:20:59,548:INFO:             IPython: 8.14.0
2024-02-05 12:20:59,549:INFO:          ipywidgets: 8.1.1
2024-02-05 12:20:59,549:INFO:                tqdm: 4.64.1
2024-02-05 12:20:59,549:INFO:               numpy: 1.24.2
2024-02-05 12:20:59,549:INFO:              pandas: 1.5.3
2024-02-05 12:20:59,549:INFO:              jinja2: 3.1.2
2024-02-05 12:20:59,549:INFO:               scipy: 1.10.1
2024-02-05 12:20:59,549:INFO:              joblib: 1.3.2
2024-02-05 12:20:59,549:INFO:             sklearn: 1.2.2
2024-02-05 12:20:59,549:INFO:                pyod: 1.1.2
2024-02-05 12:20:59,549:INFO:            imblearn: 0.12.0
2024-02-05 12:20:59,549:INFO:   category_encoders: 2.6.3
2024-02-05 12:20:59,549:INFO:            lightgbm: 4.3.0
2024-02-05 12:20:59,549:INFO:               numba: 0.57.1
2024-02-05 12:20:59,549:INFO:            requests: 2.31.0
2024-02-05 12:20:59,549:INFO:          matplotlib: 3.6.3
2024-02-05 12:20:59,549:INFO:          scikitplot: 0.3.7
2024-02-05 12:20:59,549:INFO:         yellowbrick: 1.5
2024-02-05 12:20:59,549:INFO:              plotly: 5.18.0
2024-02-05 12:20:59,549:INFO:    plotly-resampler: Not installed
2024-02-05 12:20:59,549:INFO:             kaleido: 0.2.1
2024-02-05 12:20:59,549:INFO:           schemdraw: 0.15
2024-02-05 12:20:59,549:INFO:         statsmodels: 0.14.1
2024-02-05 12:20:59,550:INFO:              sktime: 0.21.1
2024-02-05 12:20:59,550:INFO:               tbats: 1.1.3
2024-02-05 12:20:59,550:INFO:            pmdarima: 2.0.4
2024-02-05 12:20:59,550:INFO:              psutil: 5.9.5
2024-02-05 12:20:59,550:INFO:          markupsafe: 2.1.3
2024-02-05 12:20:59,550:INFO:             pickle5: Not installed
2024-02-05 12:20:59,550:INFO:         cloudpickle: 3.0.0
2024-02-05 12:20:59,550:INFO:         deprecation: 2.1.0
2024-02-05 12:20:59,550:INFO:              xxhash: 3.4.1
2024-02-05 12:20:59,550:INFO:           wurlitzer: 3.0.3
2024-02-05 12:20:59,550:INFO:PyCaret optional dependencies:
2024-02-05 12:20:59,550:INFO:                shap: Not installed
2024-02-05 12:20:59,550:INFO:           interpret: Not installed
2024-02-05 12:20:59,550:INFO:                umap: Not installed
2024-02-05 12:20:59,550:INFO:     ydata_profiling: Not installed
2024-02-05 12:20:59,550:INFO:  explainerdashboard: Not installed
2024-02-05 12:20:59,550:INFO:             autoviz: Not installed
2024-02-05 12:20:59,550:INFO:           fairlearn: Not installed
2024-02-05 12:20:59,551:INFO:          deepchecks: Not installed
2024-02-05 12:20:59,551:INFO:             xgboost: Not installed
2024-02-05 12:20:59,551:INFO:            catboost: Not installed
2024-02-05 12:20:59,551:INFO:              kmodes: Not installed
2024-02-05 12:20:59,551:INFO:             mlxtend: Not installed
2024-02-05 12:20:59,551:INFO:       statsforecast: Not installed
2024-02-05 12:20:59,551:INFO:        tune_sklearn: Not installed
2024-02-05 12:20:59,551:INFO:                 ray: Not installed
2024-02-05 12:20:59,551:INFO:            hyperopt: Not installed
2024-02-05 12:20:59,551:INFO:              optuna: Not installed
2024-02-05 12:20:59,551:INFO:               skopt: Not installed
2024-02-05 12:20:59,551:INFO:              mlflow: Not installed
2024-02-05 12:20:59,551:INFO:              gradio: Not installed
2024-02-05 12:20:59,551:INFO:             fastapi: 0.101.0
2024-02-05 12:20:59,551:INFO:             uvicorn: 0.24.0
2024-02-05 12:20:59,551:INFO:              m2cgen: Not installed
2024-02-05 12:20:59,552:INFO:           evidently: Not installed
2024-02-05 12:20:59,552:INFO:               fugue: Not installed
2024-02-05 12:20:59,552:INFO:           streamlit: Not installed
2024-02-05 12:20:59,552:INFO:             prophet: Not installed
2024-02-05 12:20:59,552:INFO:None
2024-02-05 12:20:59,552:INFO:Set up data.
2024-02-05 12:20:59,583:INFO:Set up folding strategy.
2024-02-05 12:20:59,584:INFO:Set up train/test split.
2024-02-05 12:23:13,987:INFO:PyCaret ClassificationExperiment
2024-02-05 12:23:13,987:INFO:Logging name: clf-default-name
2024-02-05 12:23:13,987:INFO:ML Usecase: MLUsecase.CLASSIFICATION
2024-02-05 12:23:13,987:INFO:version 3.2.0
2024-02-05 12:23:13,987:INFO:Initializing setup()
2024-02-05 12:23:13,987:INFO:self.USI: bd92
2024-02-05 12:23:13,987:INFO:self._variable_keys: {'target_param', 'gpu_param', 'USI', 'log_plots_param', 'html_param', 'X', 'y_train', 'is_multiclass', 'exp_name_log', 'data', 'seed', 'X_train', 'X_test', 'fold_generator', 'gpu_n_jobs_param', 'fold_groups_param', '_ml_usecase', 'fold_shuffle_param', '_available_plots', 'y_test', 'pipeline', 'logging_param', 'exp_id', 'memory', 'idx', 'n_jobs_param', 'fix_imbalance', 'y'}
2024-02-05 12:23:13,987:INFO:Checking environment
2024-02-05 12:23:13,988:INFO:python_version: 3.11.7
2024-02-05 12:23:13,988:INFO:python_build: ('main', 'Dec  8 2023 14:22:46')
2024-02-05 12:23:13,988:INFO:machine: x86_64
2024-02-05 12:23:13,988:INFO:platform: Linux-6.5.0-kali3-amd64-x86_64-with-glibc2.37
2024-02-05 12:23:13,988:INFO:Memory: svmem(total=8197423104, available=2074132480, percent=74.7, used=5292138496, free=519421952, active=5594361856, inactive=1332121600, buffers=166174720, cached=2219687936, shared=510365696, slab=386752512)
2024-02-05 12:23:13,989:INFO:Physical Core: 2
2024-02-05 12:23:13,989:INFO:Logical Core: 4
2024-02-05 12:23:13,989:INFO:Checking libraries
2024-02-05 12:23:13,989:INFO:System:
2024-02-05 12:23:13,989:INFO:    python: 3.11.7 (main, Dec  8 2023, 14:22:46) [GCC 13.2.0]
2024-02-05 12:23:13,989:INFO:executable: /bin/python
2024-02-05 12:23:13,989:INFO:   machine: Linux-6.5.0-kali3-amd64-x86_64-with-glibc2.37
2024-02-05 12:23:13,989:INFO:PyCaret required dependencies:
2024-02-05 12:23:13,990:INFO:                 pip: 23.3
2024-02-05 12:23:13,990:INFO:          setuptools: 68.1.2
2024-02-05 12:23:13,990:INFO:             pycaret: 3.2.0
2024-02-05 12:23:13,990:INFO:             IPython: 8.14.0
2024-02-05 12:23:13,990:INFO:          ipywidgets: 8.1.1
2024-02-05 12:23:13,990:INFO:                tqdm: 4.64.1
2024-02-05 12:23:13,990:INFO:               numpy: 1.24.2
2024-02-05 12:23:13,990:INFO:              pandas: 1.5.3
2024-02-05 12:23:13,990:INFO:              jinja2: 3.1.2
2024-02-05 12:23:13,990:INFO:               scipy: 1.10.1
2024-02-05 12:23:13,990:INFO:              joblib: 1.3.2
2024-02-05 12:23:13,990:INFO:             sklearn: 1.2.2
2024-02-05 12:23:13,990:INFO:                pyod: 1.1.2
2024-02-05 12:23:13,990:INFO:            imblearn: 0.12.0
2024-02-05 12:23:13,990:INFO:   category_encoders: 2.6.3
2024-02-05 12:23:13,990:INFO:            lightgbm: 4.3.0
2024-02-05 12:23:13,990:INFO:               numba: 0.57.1
2024-02-05 12:23:13,990:INFO:            requests: 2.31.0
2024-02-05 12:23:13,991:INFO:          matplotlib: 3.6.3
2024-02-05 12:23:13,991:INFO:          scikitplot: 0.3.7
2024-02-05 12:23:13,991:INFO:         yellowbrick: 1.5
2024-02-05 12:23:13,991:INFO:              plotly: 5.18.0
2024-02-05 12:23:13,991:INFO:    plotly-resampler: Not installed
2024-02-05 12:23:13,991:INFO:             kaleido: 0.2.1
2024-02-05 12:23:13,991:INFO:           schemdraw: 0.15
2024-02-05 12:23:13,991:INFO:         statsmodels: 0.14.1
2024-02-05 12:23:13,991:INFO:              sktime: 0.21.1
2024-02-05 12:23:13,991:INFO:               tbats: 1.1.3
2024-02-05 12:23:13,991:INFO:            pmdarima: 2.0.4
2024-02-05 12:23:13,991:INFO:              psutil: 5.9.5
2024-02-05 12:23:13,991:INFO:          markupsafe: 2.1.3
2024-02-05 12:23:13,991:INFO:             pickle5: Not installed
2024-02-05 12:23:13,991:INFO:         cloudpickle: 3.0.0
2024-02-05 12:23:13,991:INFO:         deprecation: 2.1.0
2024-02-05 12:23:13,991:INFO:              xxhash: 3.4.1
2024-02-05 12:23:13,991:INFO:           wurlitzer: 3.0.3
2024-02-05 12:23:13,992:INFO:PyCaret optional dependencies:
2024-02-05 12:23:13,992:INFO:                shap: Not installed
2024-02-05 12:23:13,992:INFO:           interpret: Not installed
2024-02-05 12:23:13,992:INFO:                umap: Not installed
2024-02-05 12:23:13,992:INFO:     ydata_profiling: Not installed
2024-02-05 12:23:13,992:INFO:  explainerdashboard: Not installed
2024-02-05 12:23:13,992:INFO:             autoviz: Not installed
2024-02-05 12:23:13,992:INFO:           fairlearn: Not installed
2024-02-05 12:23:13,992:INFO:          deepchecks: Not installed
2024-02-05 12:23:13,992:INFO:             xgboost: Not installed
2024-02-05 12:23:13,992:INFO:            catboost: Not installed
2024-02-05 12:23:13,992:INFO:              kmodes: Not installed
2024-02-05 12:23:13,992:INFO:             mlxtend: Not installed
2024-02-05 12:23:13,992:INFO:       statsforecast: Not installed
2024-02-05 12:23:13,992:INFO:        tune_sklearn: Not installed
2024-02-05 12:23:13,992:INFO:                 ray: Not installed
2024-02-05 12:23:13,992:INFO:            hyperopt: Not installed
2024-02-05 12:23:13,993:INFO:              optuna: Not installed
2024-02-05 12:23:13,993:INFO:               skopt: Not installed
2024-02-05 12:23:13,993:INFO:              mlflow: Not installed
2024-02-05 12:23:13,993:INFO:              gradio: Not installed
2024-02-05 12:23:13,993:INFO:             fastapi: 0.101.0
2024-02-05 12:23:13,993:INFO:             uvicorn: 0.24.0
2024-02-05 12:23:13,993:INFO:              m2cgen: Not installed
2024-02-05 12:23:13,993:INFO:           evidently: Not installed
2024-02-05 12:23:13,993:INFO:               fugue: Not installed
2024-02-05 12:23:13,993:INFO:           streamlit: Not installed
2024-02-05 12:23:13,993:INFO:             prophet: Not installed
2024-02-05 12:23:13,993:INFO:None
2024-02-05 12:23:13,993:INFO:Set up data.
2024-02-05 12:23:14,020:INFO:Set up folding strategy.
2024-02-05 12:23:14,020:INFO:Set up train/test split.
